TN:
SF:models\database.js
FN:9,(anonymous_0)
FN:23,(anonymous_1)
FN:28,(anonymous_2)
FN:29,(anonymous_3)
FN:42,(anonymous_4)
FN:43,(anonymous_5)
FN:44,(anonymous_6)
FN:92,(anonymous_7)
FN:98,(anonymous_8)
FN:106,(anonymous_9)
FN:114,(anonymous_10)
FN:128,(anonymous_11)
FN:129,(anonymous_12)
FN:151,(anonymous_13)
FN:158,(anonymous_14)
FN:170,(anonymous_15)
FN:191,(anonymous_16)
FN:230,(anonymous_17)
FN:233,(anonymous_18)
FN:234,(anonymous_19)
FN:253,(anonymous_20)
FN:254,(anonymous_21)
FN:269,(anonymous_22)
FN:278,(anonymous_23)
FN:288,(anonymous_24)
FN:294,(anonymous_25)
FN:336,(anonymous_26)
FN:337,(anonymous_27)
FN:341,(anonymous_28)
FN:350,(anonymous_29)
FN:362,(anonymous_30)
FN:363,(anonymous_31)
FN:367,(anonymous_32)
FN:377,(anonymous_33)
FN:378,(anonymous_34)
FN:385,(anonymous_35)
FN:390,(anonymous_36)
FN:393,(anonymous_37)
FN:430,(anonymous_38)
FN:431,(anonymous_39)
FN:432,(anonymous_40)
FN:444,(anonymous_41)
FN:445,(anonymous_42)
FN:452,(anonymous_43)
FN:468,(anonymous_44)
FN:469,(anonymous_45)
FN:472,(anonymous_46)
FN:473,(anonymous_47)
FN:478,(anonymous_48)
FN:487,(anonymous_49)
FN:488,(anonymous_50)
FN:494,(anonymous_51)
FN:495,(anonymous_52)
FN:500,(anonymous_53)
FN:508,(anonymous_54)
FN:513,(anonymous_55)
FN:521,(anonymous_56)
FN:522,(anonymous_57)
FN:550,(anonymous_58)
FN:556,(anonymous_59)
FN:557,(anonymous_60)
FN:571,(anonymous_61)
FN:586,(anonymous_62)
FN:587,(anonymous_63)
FN:590,(anonymous_64)
FN:617,(anonymous_65)
FNF:66
FNH:49
FNDA:7,(anonymous_0)
FNDA:0,(anonymous_1)
FNDA:0,(anonymous_2)
FNDA:0,(anonymous_3)
FNDA:7,(anonymous_4)
FNDA:7,(anonymous_5)
FNDA:7,(anonymous_6)
FNDA:7,(anonymous_7)
FNDA:7,(anonymous_8)
FNDA:7,(anonymous_9)
FNDA:0,(anonymous_10)
FNDA:0,(anonymous_11)
FNDA:0,(anonymous_12)
FNDA:0,(anonymous_13)
FNDA:0,(anonymous_14)
FNDA:0,(anonymous_15)
FNDA:0,(anonymous_16)
FNDA:8,(anonymous_17)
FNDA:8,(anonymous_18)
FNDA:8,(anonymous_19)
FNDA:8,(anonymous_20)
FNDA:8,(anonymous_21)
FNDA:104,(anonymous_22)
FNDA:840,(anonymous_23)
FNDA:2056,(anonymous_24)
FNDA:6312,(anonymous_25)
FNDA:8,(anonymous_26)
FNDA:8,(anonymous_27)
FNDA:8,(anonymous_28)
FNDA:13384,(anonymous_29)
FNDA:6,(anonymous_30)
FNDA:6,(anonymous_31)
FNDA:6,(anonymous_32)
FNDA:78,(anonymous_33)
FNDA:630,(anonymous_34)
FNDA:27,(anonymous_35)
FNDA:27,(anonymous_36)
FNDA:27,(anonymous_37)
FNDA:1,(anonymous_38)
FNDA:1,(anonymous_39)
FNDA:1,(anonymous_40)
FNDA:2,(anonymous_41)
FNDA:2,(anonymous_42)
FNDA:2,(anonymous_43)
FNDA:2,(anonymous_44)
FNDA:2,(anonymous_45)
FNDA:2,(anonymous_46)
FNDA:2,(anonymous_47)
FNDA:2,(anonymous_48)
FNDA:26,(anonymous_49)
FNDA:210,(anonymous_50)
FNDA:514,(anonymous_51)
FNDA:514,(anonymous_52)
FNDA:514,(anonymous_53)
FNDA:2,(anonymous_54)
FNDA:4,(anonymous_55)
FNDA:514,(anonymous_56)
FNDA:514,(anonymous_57)
FNDA:0,(anonymous_58)
FNDA:0,(anonymous_59)
FNDA:0,(anonymous_60)
FNDA:0,(anonymous_61)
FNDA:0,(anonymous_62)
FNDA:0,(anonymous_63)
FNDA:0,(anonymous_64)
FNDA:7,(anonymous_65)
DA:1,1
DA:2,1
DA:3,1
DA:4,1
DA:5,1
DA:6,1
DA:10,7
DA:11,7
DA:14,7
DA:15,7
DA:16,0
DA:19,7
DA:20,7
DA:24,0
DA:25,0
DA:26,0
DA:27,0
DA:28,0
DA:29,0
DA:30,0
DA:31,0
DA:32,0
DA:34,0
DA:38,0
DA:43,7
DA:44,7
DA:46,7
DA:58,7
DA:68,7
DA:80,7
DA:93,7
DA:96,7
DA:99,7
DA:102,7
DA:107,7
DA:109,7
DA:111,0
DA:115,0
DA:116,0
DA:119,7
DA:129,0
DA:131,0
DA:133,0
DA:135,0
DA:136,0
DA:139,0
DA:151,0
DA:152,0
DA:153,0
DA:154,0
DA:157,0
DA:158,0
DA:159,0
DA:162,0
DA:171,0
DA:174,0
DA:177,0
DA:178,0
DA:179,0
DA:180,0
DA:182,0
DA:183,0
DA:185,0
DA:186,0
DA:189,0
DA:190,0
DA:191,0
DA:192,0
DA:196,0
DA:197,0
DA:198,0
DA:199,0
DA:200,0
DA:202,0
DA:203,0
DA:204,0
DA:205,0
DA:206,0
DA:207,0
DA:209,0
DA:211,0
DA:212,0
DA:214,0
DA:217,0
DA:218,0
DA:221,0
DA:225,0
DA:231,8
DA:233,8
DA:234,8
DA:235,8
DA:236,0
DA:237,0
DA:239,8
DA:244,8
DA:247,8
DA:249,8
DA:250,8
DA:251,8
DA:253,8
DA:254,8
DA:255,8
DA:256,0
DA:257,0
DA:259,8
DA:264,8
DA:265,8
DA:267,8
DA:269,8
DA:270,104
DA:272,104
DA:278,104
DA:279,840
DA:281,840
DA:288,840
DA:289,2056
DA:290,2056
DA:294,6312
DA:299,0
DA:303,840
DA:305,0
DA:309,104
DA:311,0
DA:316,8
DA:318,8
DA:321,0
DA:322,0
DA:326,0
DA:327,0
DA:331,0
DA:332,0
DA:337,8
DA:338,8
DA:342,8
DA:343,8
DA:351,13384
DA:352,10064
DA:363,6
DA:364,6
DA:368,6
DA:369,0
DA:370,0
DA:373,6
DA:375,6
DA:376,6
DA:377,6
DA:378,78
DA:379,630
DA:384,6
DA:385,6
DA:386,27
DA:390,27
DA:393,27
DA:396,6
DA:399,6
DA:400,0
DA:401,0
DA:405,6
DA:408,6
DA:409,6
DA:410,6
DA:411,6
DA:412,6
DA:413,6
DA:414,6
DA:415,6
DA:417,6
DA:419,0
DA:431,1
DA:432,1
DA:433,1
DA:434,0
DA:435,0
DA:438,1
DA:439,1
DA:440,0
DA:441,0
DA:444,2
DA:445,2
DA:447,1
DA:448,0
DA:449,0
DA:452,2
DA:454,1
DA:455,1
DA:456,1
DA:457,1
DA:458,1
DA:460,1
DA:462,0
DA:469,2
DA:470,2
DA:473,2
DA:474,2
DA:475,2
DA:479,2
DA:480,2
DA:481,0
DA:482,0
DA:486,2
DA:487,2
DA:488,26
DA:489,210
DA:493,2
DA:495,514
DA:496,514
DA:501,514
DA:502,514
DA:507,514
DA:508,2
DA:509,0
DA:512,514
DA:513,4
DA:514,2
DA:517,512
DA:521,514
DA:522,514
DA:524,2
DA:526,2
DA:527,0
DA:528,0
DA:531,2
DA:533,2
DA:534,2
DA:535,2
DA:536,2
DA:537,2
DA:538,2
DA:539,2
DA:541,2
DA:543,0
DA:551,0
DA:552,0
DA:555,0
DA:556,0
DA:557,0
DA:558,0
DA:562,0
DA:564,0
DA:565,0
DA:572,0
DA:574,0
DA:575,0
DA:576,0
DA:577,0
DA:579,0
DA:583,0
DA:586,0
DA:587,0
DA:588,0
DA:589,0
DA:590,0
DA:591,0
DA:592,0
DA:598,0
DA:599,0
DA:600,0
DA:601,0
DA:603,0
DA:606,0
DA:608,0
DA:609,0
DA:618,7
DA:622,1
LF:264
LH:140
BRDA:15,0,0,0
BRDA:15,0,1,7
BRDA:31,1,0,0
BRDA:31,1,1,0
BRDA:93,2,0,0
BRDA:93,2,1,7
BRDA:99,3,0,0
BRDA:99,3,1,7
BRDA:107,4,0,0
BRDA:107,4,1,7
BRDA:109,5,0,0
BRDA:109,5,1,7
BRDA:115,6,0,0
BRDA:115,6,1,0
BRDA:128,7,0,0
BRDA:133,8,0,0
BRDA:133,8,1,0
BRDA:152,9,0,0
BRDA:152,9,1,0
BRDA:170,10,0,0
BRDA:182,11,0,0
BRDA:182,11,1,0
BRDA:189,12,0,0
BRDA:189,12,1,0
BRDA:200,13,0,0
BRDA:200,13,1,0
BRDA:204,14,0,0
BRDA:204,14,1,0
BRDA:206,15,0,0
BRDA:206,15,1,0
BRDA:209,16,0,0
BRDA:209,16,1,0
BRDA:217,17,0,0
BRDA:217,17,1,0
BRDA:235,18,0,0
BRDA:235,18,1,8
BRDA:244,19,0,0
BRDA:244,19,1,8
BRDA:245,20,0,0
BRDA:245,20,1,8
BRDA:255,21,0,0
BRDA:255,21,1,8
BRDA:284,22,0,288
BRDA:284,22,1,552
BRDA:295,23,0,2056
BRDA:295,23,1,0
BRDA:296,24,0,1728
BRDA:296,24,1,328
BRDA:342,25,0,0
BRDA:342,25,1,8
BRDA:351,26,0,3320
BRDA:351,26,1,10064
BRDA:351,27,0,13384
BRDA:351,27,1,10064
BRDA:368,28,0,0
BRDA:368,28,1,6
BRDA:399,29,0,0
BRDA:399,29,1,6
BRDA:433,30,0,0
BRDA:433,30,1,1
BRDA:439,31,0,0
BRDA:439,31,1,1
BRDA:439,32,0,1
BRDA:439,32,1,1
BRDA:447,33,0,0
BRDA:447,33,1,1
BRDA:474,34,0,0
BRDA:474,34,1,2
BRDA:480,35,0,0
BRDA:480,35,1,2
BRDA:480,36,0,2
BRDA:480,36,1,2
BRDA:501,37,0,0
BRDA:501,37,1,514
BRDA:507,38,0,0
BRDA:507,38,1,514
BRDA:507,39,0,514
BRDA:507,39,1,2
BRDA:512,40,0,2
BRDA:512,40,1,512
BRDA:512,41,0,514
BRDA:512,41,1,2
BRDA:526,42,0,0
BRDA:526,42,1,2
BRDA:591,43,0,0
BRDA:591,43,1,0
BRF:86
BRH:39
end_of_record
TN:
SF:tests\utils.js
FN:5,(anonymous_0)
FNF:1
FNH:1
FNDA:2,(anonymous_0)
DA:2,1
DA:3,1
DA:5,1
DA:6,2
DA:7,2
DA:8,2
DA:9,2
DA:10,45
DA:11,1
DA:15,0
DA:19,1
LF:11
LH:10
BRDA:10,0,0,1
BRDA:10,0,1,44
BRDA:10,1,0,45
BRDA:10,1,1,1
BRF:4
BRH:4
end_of_record
TN:
SF:utils\logger.js
FN:3,(anonymous_0)
FN:8,(anonymous_1)
FN:13,(anonymous_2)
FN:18,(anonymous_3)
FN:23,(anonymous_4)
FNF:5
FNH:1
FNDA:67,(anonymous_0)
FNDA:0,(anonymous_1)
FNDA:0,(anonymous_2)
FNDA:0,(anonymous_3)
FNDA:0,(anonymous_4)
DA:2,1
DA:4,67
DA:5,0
DA:9,0
DA:10,0
DA:14,0
DA:15,0
DA:19,0
DA:20,0
DA:24,0
DA:25,0
DA:30,1
LF:12
LH:3
BRDA:4,0,0,0
BRDA:4,0,1,67
BRDA:9,1,0,0
BRDA:9,1,1,0
BRDA:14,2,0,0
BRDA:14,2,1,0
BRDA:19,3,0,0
BRDA:19,3,1,0
BRDA:24,4,0,0
BRDA:24,4,1,0
BRF:10
BRH:1
end_of_record
